<?xml version="1.0" encoding="UTF-8"?>
<coverage generated="1660785833116" clover="3.2.0">
  <project timestamp="1660785833116" name="All files">
    <metrics statements="77" coveredstatements="75" conditionals="13" coveredconditionals="11" methods="10" coveredmethods="9" elements="100" coveredelements="95" complexity="0" loc="77" ncloc="77" packages="1" files="2" classes="2"/>
    <file name="external.js" path="/Users/chrisyalamov/Library/CloudStorage/OneDrive-chrisyalamov/Personal Projects/Development/sinte/external.js">
      <metrics statements="0" coveredstatements="0" conditionals="0" coveredconditionals="0" methods="0" coveredmethods="0"/>
    </file>
    <file name="orchestrator.js" path="/Users/chrisyalamov/Library/CloudStorage/OneDrive-chrisyalamov/Personal Projects/Development/sinte/orchestrator.js">
      <metrics statements="77" coveredstatements="75" conditionals="13" coveredconditionals="11" methods="10" coveredmethods="9"/>
      <line num="6" count="8" type="stmt"/>
      <line num="7" count="8" type="stmt"/>
      <line num="8" count="8" type="stmt"/>
      <line num="10" count="1" type="stmt"/>
      <line num="11" count="1" type="stmt"/>
      <line num="12" count="1" type="stmt"/>
      <line num="13" count="3" type="stmt"/>
      <line num="18" count="3" type="stmt"/>
      <line num="21" count="1" type="stmt"/>
      <line num="23" count="1" type="stmt"/>
      <line num="24" count="1" type="stmt"/>
      <line num="26" count="1" type="stmt"/>
      <line num="27" count="2" type="stmt"/>
      <line num="30" count="2" type="stmt"/>
      <line num="31" count="2" type="stmt"/>
      <line num="32" count="2" type="stmt"/>
      <line num="33" count="2" type="stmt"/>
      <line num="34" count="2" type="stmt"/>
      <line num="35" count="2" type="stmt"/>
      <line num="38" count="1" type="stmt"/>
      <line num="39" count="1" type="stmt"/>
      <line num="42" count="1" type="stmt"/>
      <line num="44" count="1" type="stmt"/>
      <line num="45" count="1" type="stmt"/>
      <line num="46" count="3" type="stmt"/>
      <line num="51" count="3" type="stmt"/>
      <line num="54" count="1" type="stmt"/>
      <line num="56" count="1" type="stmt"/>
      <line num="62" count="1" type="cond" truecount="1" falsecount="1"/>
      <line num="63" count="0" type="stmt"/>
      <line num="65" count="1" type="stmt"/>
      <line num="68" count="1" type="stmt"/>
      <line num="72" count="1" type="stmt"/>
      <line num="78" count="12" type="stmt"/>
      <line num="79" count="12" type="stmt"/>
      <line num="81" count="12" type="stmt"/>
      <line num="92" count="12" type="stmt"/>
      <line num="96" count="13" type="stmt"/>
      <line num="98" count="13" type="stmt"/>
      <line num="99" count="13" type="stmt"/>
      <line num="101" count="13" type="stmt"/>
      <line num="102" count="13" type="stmt"/>
      <line num="104" count="12" type="stmt"/>
      <line num="107" count="13" type="stmt"/>
      <line num="109" count="13" type="stmt"/>
      <line num="111" count="13" type="stmt"/>
      <line num="112" count="0" type="stmt"/>
      <line num="115" count="13" type="stmt"/>
      <line num="117" count="13" type="stmt"/>
      <line num="121" count="13" type="stmt"/>
      <line num="128" count="13" type="stmt"/>
      <line num="129" count="13" type="stmt"/>
      <line num="131" count="13" type="stmt"/>
      <line num="133" count="13" type="stmt"/>
      <line num="134" count="10" type="stmt"/>
      <line num="139" count="10" type="stmt"/>
      <line num="142" count="13" type="stmt"/>
      <line num="143" count="13" type="cond" truecount="2" falsecount="0"/>
      <line num="145" count="13" type="stmt"/>
      <line num="150" count="13" type="stmt"/>
      <line num="151" count="13" type="stmt"/>
      <line num="155" count="11" type="stmt"/>
      <line num="156" count="11" type="stmt"/>
      <line num="158" count="11" type="stmt"/>
      <line num="159" count="15" type="stmt"/>
      <line num="161" count="15" type="stmt"/>
      <line num="165" count="15" type="stmt"/>
      <line num="170" count="15" type="cond" truecount="2" falsecount="0"/>
      <line num="171" count="2" type="stmt"/>
      <line num="172" count="2" type="stmt"/>
      <line num="173" count="2" type="stmt"/>
      <line num="176" count="13" type="stmt"/>
      <line num="177" count="13" type="stmt"/>
      <line num="178" count="13" type="stmt"/>
      <line num="182" count="11" type="stmt"/>
      <line num="183" count="11" type="stmt"/>
      <line num="187" count="8" type="stmt"/>
    </file>
  </project>
</coverage>
