{"/Users/chrisyalamov/Library/CloudStorage/OneDrive-chrisyalamov/Personal Projects/Development/sinte/external.js": {"path":"/Users/chrisyalamov/Library/CloudStorage/OneDrive-chrisyalamov/Personal Projects/Development/sinte/external.js","statementMap":{},"fnMap":{},"branchMap":{},"s":{},"f":{},"b":{},"_coverageSchema":"1a1c01bbd47fc00a2c39e90264f33305004495a9","hash":"5cee860431c264d73e5c91ceb9a136a5bc87c452"}
,"/Users/chrisyalamov/Library/CloudStorage/OneDrive-chrisyalamov/Personal Projects/Development/sinte/orchestrator.js": {"path":"/Users/chrisyalamov/Library/CloudStorage/OneDrive-chrisyalamov/Personal Projects/Development/sinte/orchestrator.js","statementMap":{"0":{"start":{"line":6,"column":8},"end":{"line":6,"column":27}},"1":{"start":{"line":7,"column":8},"end":{"line":7,"column":55}},"2":{"start":{"line":8,"column":8},"end":{"line":74,"column":9}},"3":{"start":{"line":10,"column":36},"end":{"line":10,"column":38}},"4":{"start":{"line":11,"column":36},"end":{"line":11,"column":38}},"5":{"start":{"line":12,"column":16},"end":{"line":19,"column":21}},"6":{"start":{"line":13,"column":24},"end":{"line":16,"column":52}},"7":{"start":{"line":18,"column":24},"end":{"line":18,"column":63}},"8":{"start":{"line":21,"column":16},"end":{"line":21,"column":49}},"9":{"start":{"line":23,"column":33},"end":{"line":23,"column":35}},"10":{"start":{"line":24,"column":31},"end":{"line":24,"column":33}},"11":{"start":{"line":26,"column":16},"end":{"line":36,"column":17}},"12":{"start":{"line":27,"column":36},"end":{"line":29,"column":21}},"13":{"start":{"line":30,"column":20},"end":{"line":30,"column":77}},"14":{"start":{"line":31,"column":20},"end":{"line":31,"column":67}},"15":{"start":{"line":32,"column":36},"end":{"line":32,"column":105}},"16":{"start":{"line":33,"column":20},"end":{"line":33,"column":45}},"17":{"start":{"line":34,"column":20},"end":{"line":34,"column":76}},"18":{"start":{"line":35,"column":20},"end":{"line":35,"column":45}},"19":{"start":{"line":38,"column":16},"end":{"line":38,"column":53}},"20":{"start":{"line":39,"column":16},"end":{"line":39,"column":51}},"21":{"start":{"line":42,"column":36},"end":{"line":42,"column":38}},"22":{"start":{"line":44,"column":31},"end":{"line":44,"column":33}},"23":{"start":{"line":45,"column":16},"end":{"line":52,"column":21}},"24":{"start":{"line":46,"column":24},"end":{"line":49,"column":52}},"25":{"start":{"line":51,"column":24},"end":{"line":51,"column":58}},"26":{"start":{"line":54,"column":16},"end":{"line":54,"column":44}},"27":{"start":{"line":56,"column":32},"end":{"line":58,"column":17}},"28":{"start":{"line":62,"column":16},"end":{"line":66,"column":17}},"29":{"start":{"line":63,"column":20},"end":{"line":63,"column":96}},"30":{"start":{"line":65,"column":20},"end":{"line":65,"column":101}},"31":{"start":{"line":68,"column":16},"end":{"line":71,"column":17}},"32":{"start":{"line":72,"column":16},"end":{"line":72,"column":36}},"33":{"start":{"line":78,"column":22},"end":{"line":78,"column":55}},"34":{"start":{"line":79,"column":24},"end":{"line":79,"column":53}},"35":{"start":{"line":81,"column":21},"end":{"line":90,"column":10}},"36":{"start":{"line":92,"column":8},"end":{"line":92,"column":28}},"37":{"start":{"line":96,"column":17},"end":{"line":96,"column":65}},"38":{"start":{"line":98,"column":22},"end":{"line":98,"column":55}},"39":{"start":{"line":99,"column":22},"end":{"line":99,"column":51}},"40":{"start":{"line":101,"column":16},"end":{"line":101,"column":30}},"41":{"start":{"line":102,"column":8},"end":{"line":105,"column":11}},"42":{"start":{"line":104,"column":12},"end":{"line":104,"column":33}},"43":{"start":{"line":107,"column":8},"end":{"line":107,"column":36}},"44":{"start":{"line":109,"column":21},"end":{"line":109,"column":52}},"45":{"start":{"line":111,"column":8},"end":{"line":113,"column":11}},"46":{"start":{"line":112,"column":12},"end":{"line":112,"column":68}},"47":{"start":{"line":115,"column":8},"end":{"line":115,"column":31}},"48":{"start":{"line":117,"column":22},"end":{"line":119,"column":10}},"49":{"start":{"line":121,"column":8},"end":{"line":124,"column":13}},"50":{"start":{"line":128,"column":33},"end":{"line":128,"column":37}},"51":{"start":{"line":129,"column":23},"end":{"line":129,"column":25}},"52":{"start":{"line":131,"column":28},"end":{"line":131,"column":30}},"53":{"start":{"line":133,"column":8},"end":{"line":140,"column":9}},"54":{"start":{"line":134,"column":12},"end":{"line":137,"column":40}},"55":{"start":{"line":139,"column":12},"end":{"line":139,"column":46}},"56":{"start":{"line":142,"column":8},"end":{"line":142,"column":36}},"57":{"start":{"line":143,"column":24},"end":{"line":143,"column":45}},"58":{"start":{"line":145,"column":8},"end":{"line":148,"column":9}},"59":{"start":{"line":150,"column":21},"end":{"line":150,"column":89}},"60":{"start":{"line":151,"column":8},"end":{"line":151,"column":22}},"61":{"start":{"line":155,"column":23},"end":{"line":155,"column":34}},"62":{"start":{"line":156,"column":23},"end":{"line":156,"column":25}},"63":{"start":{"line":158,"column":8},"end":{"line":180,"column":9}},"64":{"start":{"line":159,"column":23},"end":{"line":159,"column":34}},"65":{"start":{"line":161,"column":28},"end":{"line":163,"column":13}},"66":{"start":{"line":165,"column":12},"end":{"line":168,"column":13}},"67":{"start":{"line":170,"column":12},"end":{"line":179,"column":13}},"68":{"start":{"line":171,"column":29},"end":{"line":171,"column":91}},"69":{"start":{"line":172,"column":16},"end":{"line":172,"column":38}},"70":{"start":{"line":173,"column":16},"end":{"line":173,"column":29}},"71":{"start":{"line":176,"column":29},"end":{"line":176,"column":71}},"72":{"start":{"line":177,"column":16},"end":{"line":177,"column":38}},"73":{"start":{"line":178,"column":16},"end":{"line":178,"column":55}},"74":{"start":{"line":182,"column":8},"end":{"line":182,"column":36}},"75":{"start":{"line":183,"column":8},"end":{"line":183,"column":31}},"76":{"start":{"line":187,"column":8},"end":{"line":187,"column":82}}},"fnMap":{"0":{"name":"(anonymous_0)","decl":{"start":{"line":5,"column":4},"end":{"line":5,"column":5}},"loc":{"start":{"line":5,"column":44},"end":{"line":75,"column":5}},"line":5},"1":{"name":"(anonymous_1)","decl":{"start":{"line":9,"column":18},"end":{"line":9,"column":19}},"loc":{"start":{"line":9,"column":62},"end":{"line":40,"column":13}},"line":9},"2":{"name":"(anonymous_2)","decl":{"start":{"line":41,"column":23},"end":{"line":41,"column":24}},"loc":{"start":{"line":41,"column":67},"end":{"line":73,"column":13}},"line":41},"3":{"name":"(anonymous_3)","decl":{"start":{"line":77,"column":4},"end":{"line":77,"column":5}},"loc":{"start":{"line":77,"column":52},"end":{"line":93,"column":5}},"line":77},"4":{"name":"(anonymous_4)","decl":{"start":{"line":95,"column":4},"end":{"line":95,"column":5}},"loc":{"start":{"line":95,"column":60},"end":{"line":125,"column":5}},"line":95},"5":{"name":"(anonymous_5)","decl":{"start":{"line":102,"column":27},"end":{"line":102,"column":28}},"loc":{"start":{"line":102,"column":45},"end":{"line":105,"column":9}},"line":102},"6":{"name":"(anonymous_6)","decl":{"start":{"line":111,"column":42},"end":{"line":111,"column":43}},"loc":{"start":{"line":111,"column":48},"end":{"line":113,"column":9}},"line":111},"7":{"name":"(anonymous_7)","decl":{"start":{"line":127,"column":4},"end":{"line":127,"column":5}},"loc":{"start":{"line":127,"column":44},"end":{"line":152,"column":5}},"line":127},"8":{"name":"(anonymous_8)","decl":{"start":{"line":154,"column":4},"end":{"line":154,"column":5}},"loc":{"start":{"line":154,"column":68},"end":{"line":184,"column":5}},"line":154},"9":{"name":"(anonymous_9)","decl":{"start":{"line":186,"column":4},"end":{"line":186,"column":5}},"loc":{"start":{"line":186,"column":28},"end":{"line":188,"column":5}},"line":186}},"branchMap":{"0":{"loc":{"start":{"line":14,"column":28},"end":{"line":16,"column":51}},"type":"cond-expr","locations":[{"start":{"line":15,"column":30},"end":{"line":15,"column":93}},{"start":{"line":16,"column":30},"end":{"line":16,"column":51}}],"line":14},"1":{"loc":{"start":{"line":47,"column":28},"end":{"line":49,"column":51}},"type":"cond-expr","locations":[{"start":{"line":48,"column":30},"end":{"line":48,"column":93}},{"start":{"line":49,"column":30},"end":{"line":49,"column":51}}],"line":47},"2":{"loc":{"start":{"line":62,"column":16},"end":{"line":66,"column":17}},"type":"if","locations":[{"start":{"line":62,"column":16},"end":{"line":66,"column":17}},{"start":{"line":64,"column":23},"end":{"line":66,"column":17}}],"line":62},"3":{"loc":{"start":{"line":135,"column":16},"end":{"line":137,"column":39}},"type":"cond-expr","locations":[{"start":{"line":136,"column":18},"end":{"line":136,"column":82}},{"start":{"line":137,"column":18},"end":{"line":137,"column":39}}],"line":135},"4":{"loc":{"start":{"line":143,"column":24},"end":{"line":143,"column":45}},"type":"binary-expr","locations":[{"start":{"line":143,"column":24},"end":{"line":143,"column":39}},{"start":{"line":143,"column":43},"end":{"line":143,"column":45}}],"line":143},"5":{"loc":{"start":{"line":154,"column":36},"end":{"line":154,"column":53}},"type":"default-arg","locations":[{"start":{"line":154,"column":42},"end":{"line":154,"column":53}}],"line":154},"6":{"loc":{"start":{"line":170,"column":12},"end":{"line":179,"column":13}},"type":"if","locations":[{"start":{"line":170,"column":12},"end":{"line":179,"column":13}},{"start":{"line":175,"column":17},"end":{"line":179,"column":13}}],"line":170}},"s":{"0":8,"1":8,"2":8,"3":1,"4":1,"5":1,"6":3,"7":3,"8":1,"9":1,"10":1,"11":1,"12":2,"13":2,"14":2,"15":2,"16":2,"17":2,"18":2,"19":1,"20":1,"21":1,"22":1,"23":1,"24":3,"25":3,"26":1,"27":1,"28":1,"29":0,"30":1,"31":1,"32":1,"33":12,"34":12,"35":12,"36":12,"37":13,"38":13,"39":13,"40":13,"41":13,"42":12,"43":13,"44":13,"45":13,"46":0,"47":13,"48":13,"49":13,"50":13,"51":13,"52":13,"53":13,"54":10,"55":10,"56":13,"57":13,"58":13,"59":13,"60":13,"61":11,"62":11,"63":11,"64":15,"65":15,"66":15,"67":15,"68":2,"69":2,"70":2,"71":13,"72":13,"73":13,"74":11,"75":11,"76":8},"f":{"0":8,"1":1,"2":1,"3":12,"4":13,"5":12,"6":0,"7":13,"8":11,"9":8},"b":{"0":[2,1],"1":[1,2],"2":[0,1],"3":[9,1],"4":[13,11],"5":[0],"6":[2,13]},"_coverageSchema":"1a1c01bbd47fc00a2c39e90264f33305004495a9","hash":"b5dfd10b98ee589d609c5d057b9c094ac26f72b7"}
}
