TN:
SF:external.js
FNF:0
FNH:0
LF:0
LH:0
BRF:0
BRH:0
end_of_record
TN:
SF:orchestrator.js
FN:5,(anonymous_0)
FN:9,(anonymous_1)
FN:41,(anonymous_2)
FN:77,(anonymous_3)
FN:95,(anonymous_4)
FN:102,(anonymous_5)
FN:111,(anonymous_6)
FN:127,(anonymous_7)
FN:154,(anonymous_8)
FN:186,(anonymous_9)
FNF:10
FNH:9
FNDA:8,(anonymous_0)
FNDA:1,(anonymous_1)
FNDA:1,(anonymous_2)
FNDA:12,(anonymous_3)
FNDA:13,(anonymous_4)
FNDA:12,(anonymous_5)
FNDA:0,(anonymous_6)
FNDA:13,(anonymous_7)
FNDA:11,(anonymous_8)
FNDA:8,(anonymous_9)
DA:6,8
DA:7,8
DA:8,8
DA:10,1
DA:11,1
DA:12,1
DA:13,3
DA:18,3
DA:21,1
DA:23,1
DA:24,1
DA:26,1
DA:27,2
DA:30,2
DA:31,2
DA:32,2
DA:33,2
DA:34,2
DA:35,2
DA:38,1
DA:39,1
DA:42,1
DA:44,1
DA:45,1
DA:46,3
DA:51,3
DA:54,1
DA:56,1
DA:62,1
DA:63,0
DA:65,1
DA:68,1
DA:72,1
DA:78,12
DA:79,12
DA:81,12
DA:92,12
DA:96,13
DA:98,13
DA:99,13
DA:101,13
DA:102,13
DA:104,12
DA:107,13
DA:109,13
DA:111,13
DA:112,0
DA:115,13
DA:117,13
DA:121,13
DA:128,13
DA:129,13
DA:131,13
DA:133,13
DA:134,10
DA:139,10
DA:142,13
DA:143,13
DA:145,13
DA:150,13
DA:151,13
DA:155,11
DA:156,11
DA:158,11
DA:159,15
DA:161,15
DA:165,15
DA:170,15
DA:171,2
DA:172,2
DA:173,2
DA:176,13
DA:177,13
DA:178,13
DA:182,11
DA:183,11
DA:187,8
LF:77
LH:75
BRDA:14,0,0,2
BRDA:14,0,1,1
BRDA:47,1,0,1
BRDA:47,1,1,2
BRDA:62,2,0,0
BRDA:62,2,1,1
BRDA:135,3,0,9
BRDA:135,3,1,1
BRDA:143,4,0,13
BRDA:143,4,1,11
BRDA:154,5,0,0
BRDA:170,6,0,2
BRDA:170,6,1,13
BRF:13
BRH:11
end_of_record
